c:\users\caere\documents\school_dae\jaar_2\semester_4\programming_4\examgood\bubblebobble\bin-int\debug-x64\hivemind\vc142.pdb
c:\users\caere\documents\school_dae\jaar_2\semester_4\programming_4\examgood\bubblebobble\bin-int\debug-x64\hivemind\vc142.idb
c:\users\caere\documents\school_dae\jaar_2\semester_4\programming_4\examgood\bubblebobble\bin-int\debug-x64\hivemind\uicomponent.obj
c:\users\caere\documents\school_dae\jaar_2\semester_4\programming_4\examgood\bubblebobble\bin-int\debug-x64\hivemind\transformcomponent.obj
c:\users\caere\documents\school_dae\jaar_2\semester_4\programming_4\examgood\bubblebobble\bin-int\debug-x64\hivemind\transform.obj
c:\users\caere\documents\school_dae\jaar_2\semester_4\programming_4\examgood\bubblebobble\bin-int\debug-x64\hivemind\texture2d.obj
c:\users\caere\documents\school_dae\jaar_2\semester_4\programming_4\examgood\bubblebobble\bin-int\debug-x64\hivemind\textcomponent.obj
c:\users\caere\documents\school_dae\jaar_2\semester_4\programming_4\examgood\bubblebobble\bin-int\debug-x64\hivemind\scenemanager.obj
c:\users\caere\documents\school_dae\jaar_2\semester_4\programming_4\examgood\bubblebobble\bin-int\debug-x64\hivemind\scene.obj
c:\users\caere\documents\school_dae\jaar_2\semester_4\programming_4\examgood\bubblebobble\bin-int\debug-x64\hivemind\resourcemanager.obj
c:\users\caere\documents\school_dae\jaar_2\semester_4\programming_4\examgood\bubblebobble\bin-int\debug-x64\hivemind\renderer.obj
c:\users\caere\documents\school_dae\jaar_2\semester_4\programming_4\examgood\bubblebobble\bin-int\debug-x64\hivemind\rendercomponent.obj
c:\users\caere\documents\school_dae\jaar_2\semester_4\programming_4\examgood\bubblebobble\bin-int\debug-x64\hivemind\inputmanager.obj
c:\users\caere\documents\school_dae\jaar_2\semester_4\programming_4\examgood\bubblebobble\bin-int\debug-x64\hivemind\gameobject.obj
c:\users\caere\documents\school_dae\jaar_2\semester_4\programming_4\examgood\bubblebobble\bin-int\debug-x64\hivemind\font.obj
c:\users\caere\documents\school_dae\jaar_2\semester_4\programming_4\examgood\bubblebobble\bin-int\debug-x64\hivemind\bubblebobble.obj
c:\users\caere\documents\school_dae\jaar_2\semester_4\programming_4\examgood\bubblebobble\bin-int\debug-x64\hivemind\basecomponent.obj
c:\users\caere\documents\school_dae\jaar_2\semester_4\programming_4\examgood\bubblebobble\bin-int\debug-x64\hivemind\application.obj
c:\users\caere\documents\school_dae\jaar_2\semester_4\programming_4\examgood\bubblebobble\bin\debug-x64\hivemind\hivemind.ilk
c:\users\caere\documents\school_dae\jaar_2\semester_4\programming_4\examgood\bubblebobble\bin\debug-x64\hivemind\hivemind.dll
c:\users\caere\documents\school_dae\jaar_2\semester_4\programming_4\examgood\bubblebobble\bin\debug-x64\hivemind\hivemind.pdb
c:\users\caere\documents\school_dae\jaar_2\semester_4\programming_4\examgood\bubblebobble\bin-int\debug-x64\hivemind\hivemind.tlog\cl.command.1.tlog
c:\users\caere\documents\school_dae\jaar_2\semester_4\programming_4\examgood\bubblebobble\bin-int\debug-x64\hivemind\hivemind.tlog\cl.read.1.tlog
c:\users\caere\documents\school_dae\jaar_2\semester_4\programming_4\examgood\bubblebobble\bin-int\debug-x64\hivemind\hivemind.tlog\cl.write.1.tlog
c:\users\caere\documents\school_dae\jaar_2\semester_4\programming_4\examgood\bubblebobble\bin-int\debug-x64\hivemind\hivemind.tlog\link.command.1.tlog
c:\users\caere\documents\school_dae\jaar_2\semester_4\programming_4\examgood\bubblebobble\bin-int\debug-x64\hivemind\hivemind.tlog\link.read.1.tlog
c:\users\caere\documents\school_dae\jaar_2\semester_4\programming_4\examgood\bubblebobble\bin-int\debug-x64\hivemind\hivemind.tlog\link.write.1.tlog
